<?xml version="1.0" encoding="UTF-8"?>
<!-- Generated by org.testng.reporters.JUnitReportReporter -->
<testsuite hostname="DESKTOP-320Q1I8" name="bdd.runners.RunnerClass" tests="1" failures="0" timestamp="23 Feb 2020 04:25:47 GMT" time="25.548" errors="0">
  <testcase name="feature" time="25.548" classname="bdd.runners.RunnerClass"/>
</testsuite> <!-- bdd.runners.RunnerClass -->
